{
  "stats": {
    "suites": 1,
    "tests": 6,
    "passes": 6,
    "pending": 0,
    "failures": 0,
    "start": "2026-02-04T01:00:08.995Z",
    "end": "2026-02-04T01:00:09.883Z",
    "duration": 888,
    "testsRegistered": 6,
    "passPercent": 100,
    "pendingPercent": 0,
    "other": 0,
    "hasOther": false,
    "skipped": 0,
    "hasSkipped": false
  },
  "results": [
    {
      "uuid": "94d46798-b178-4910-8cc0-d87418398311",
      "title": "",
      "fullFile": "cypress\\e2e\\api\\authtorization.cy.js",
      "file": "cypress\\e2e\\api\\authtorization.cy.js",
      "beforeHooks": [],
      "afterHooks": [],
      "tests": [],
      "suites": [
        {
          "uuid": "62dd2fe5-3a87-44b1-b3ea-70738d86e100",
          "title": "Test API Demoblaze Authorization",
          "fullFile": "",
          "file": "",
          "beforeHooks": [],
          "afterHooks": [],
          "tests": [
            {
              "title": "Trying to create new user",
              "fullTitle": "Test API Demoblaze Authorization Trying to create new user",
              "timedOut": null,
              "duration": 261,
              "state": "passed",
              "speed": "fast",
              "pass": true,
              "fail": false,
              "pending": false,
              "context": null,
              "code": "cy.request({\n  method: 'POST',\n  url: `${apiURL}/signup`,\n  body: userTested,\n  failOnsStatusCode: false\n}).then(response => {\n  expect(response.status).to.eq(200);\n  if (response.body && response.body.errorMessage) {\n    expect(response.body.errorMessage).to.be.a('string');\n  } else {\n    expect(response.body).to.be.oneOf([{}, \"\"]);\n  }\n});",
              "err": {},
              "uuid": "9a3193ce-d00c-4fba-bf28-41cb5c9e5fea",
              "parentUUID": "62dd2fe5-3a87-44b1-b3ea-70738d86e100",
              "isHook": false,
              "skipped": false
            },
            {
              "title": "Attemp to create user that already exist",
              "fullTitle": "Test API Demoblaze Authorization Attemp to create user that already exist",
              "timedOut": null,
              "duration": 105,
              "state": "passed",
              "speed": "fast",
              "pass": true,
              "fail": false,
              "pending": false,
              "context": null,
              "code": "cy.request({\n  method: 'POST',\n  url: `${apiURL}/signup`,\n  body: userTested,\n  failOnsStatusCode: false\n}).then(response => {\n  expect(response.status).to.eq(200);\n  expect(response.body).to.have.property('errorMessage');\n});",
              "err": {},
              "uuid": "34bf9c99-a417-41c5-87d8-22ba78c9f8af",
              "parentUUID": "62dd2fe5-3a87-44b1-b3ea-70738d86e100",
              "isHook": false,
              "skipped": false
            },
            {
              "title": "Login successfully",
              "fullTitle": "Test API Demoblaze Authorization Login successfully",
              "timedOut": null,
              "duration": 114,
              "state": "passed",
              "speed": "fast",
              "pass": true,
              "fail": false,
              "pending": false,
              "context": null,
              "code": "cy.request({\n  method: 'POST',\n  url: `${apiURL}/login`,\n  body: userTested,\n  failOnsStatusCode: false\n}).then(response => {\n  expect(response.status).to.eq(200);\n  expect(response.body).to.have.property('errorMessage');\n});",
              "err": {},
              "uuid": "b4646521-aecd-414f-8c2b-e34cb2744a05",
              "parentUUID": "62dd2fe5-3a87-44b1-b3ea-70738d86e100",
              "isHook": false,
              "skipped": false
            },
            {
              "title": "Login Failed with Wrong password",
              "fullTitle": "Test API Demoblaze Authorization Login Failed with Wrong password",
              "timedOut": null,
              "duration": 109,
              "state": "passed",
              "speed": "fast",
              "pass": true,
              "fail": false,
              "pending": false,
              "context": null,
              "code": "cy.request({\n  method: 'POST',\n  url: `${apiURL}/login`,\n  body: {\n    userName: userTested.userName,\n    password: ''\n  },\n  failOnsStatusCode: false\n}).then(response => {\n  expect(response.status).to.eq(200);\n  expect(response.body).to.have.property('errorMessage');\n});",
              "err": {},
              "uuid": "42671b69-0024-417b-8fe3-dfa90c9106ac",
              "parentUUID": "62dd2fe5-3a87-44b1-b3ea-70738d86e100",
              "isHook": false,
              "skipped": false
            },
            {
              "title": "Login Failed with wrong userName",
              "fullTitle": "Test API Demoblaze Authorization Login Failed with wrong userName",
              "timedOut": null,
              "duration": 110,
              "state": "passed",
              "speed": "fast",
              "pass": true,
              "fail": false,
              "pending": false,
              "context": null,
              "code": "cy.request({\n  method: 'POST',\n  url: `${apiURL}/login`,\n  body: {\n    userName: 'prueba',\n    password: userTested.password\n  },\n  failOnsStatusCode: false\n}).then(response => {\n  expect(response.status).to.eq(200);\n  expect(response.body).to.have.property('errorMessage');\n});",
              "err": {},
              "uuid": "0525a8b2-cbdd-4f2f-a10c-71b85ff30715",
              "parentUUID": "62dd2fe5-3a87-44b1-b3ea-70738d86e100",
              "isHook": false,
              "skipped": false
            },
            {
              "title": "Login Failed Wrong userName and Password",
              "fullTitle": "Test API Demoblaze Authorization Login Failed Wrong userName and Password",
              "timedOut": null,
              "duration": 103,
              "state": "passed",
              "speed": "fast",
              "pass": true,
              "fail": false,
              "pending": false,
              "context": null,
              "code": "cy.request({\n  method: 'POST',\n  url: `${apiURL}/login`,\n  body: {\n    userName: 'prueba',\n    password: 'error'\n  },\n  failOnsStatusCode: false\n}).then(response => {\n  expect(response.status).to.eq(200);\n  expect(response.body).to.have.property('errorMessage');\n});",
              "err": {},
              "uuid": "bb563f9f-17c6-452f-96b8-61416714fc70",
              "parentUUID": "62dd2fe5-3a87-44b1-b3ea-70738d86e100",
              "isHook": false,
              "skipped": false
            }
          ],
          "suites": [],
          "passes": [
            "9a3193ce-d00c-4fba-bf28-41cb5c9e5fea",
            "34bf9c99-a417-41c5-87d8-22ba78c9f8af",
            "b4646521-aecd-414f-8c2b-e34cb2744a05",
            "42671b69-0024-417b-8fe3-dfa90c9106ac",
            "0525a8b2-cbdd-4f2f-a10c-71b85ff30715",
            "bb563f9f-17c6-452f-96b8-61416714fc70"
          ],
          "failures": [],
          "pending": [],
          "skipped": [],
          "duration": 802,
          "root": false,
          "rootEmpty": false,
          "_timeout": 2000
        }
      ],
      "passes": [],
      "failures": [],
      "pending": [],
      "skipped": [],
      "duration": 0,
      "root": true,
      "rootEmpty": true,
      "_timeout": 2000
    }
  ],
  "meta": {
    "mocha": {
      "version": "7.2.0"
    },
    "mochawesome": {
      "options": {
        "quiet": false,
        "reportFilename": "mochawesome",
        "saveHtml": false,
        "saveJson": true,
        "consoleReporter": "spec",
        "useInlineDiffs": false,
        "code": true
      },
      "version": "7.1.4"
    },
    "marge": {
      "options": {
        "reportDir": "cypress/reports",
        "overwrite": false,
        "html": false,
        "json": true
      },
      "version": "6.3.2"
    }
  }
}