{
  "stats": {
    "suites": 1,
    "tests": 6,
    "passes": 6,
    "pending": 0,
    "failures": 0,
    "start": "2026-02-04T00:55:15.602Z",
    "end": "2026-02-04T00:55:16.608Z",
    "duration": 1006,
    "testsRegistered": 6,
    "passPercent": 100,
    "pendingPercent": 0,
    "other": 0,
    "hasOther": false,
    "skipped": 0,
    "hasSkipped": false
  },
  "results": [
    {
      "uuid": "99db89a9-0987-4bf7-98f5-d300e7618768",
      "title": "",
      "fullFile": "cypress\\e2e\\api\\authtorization.cy.js",
      "file": "cypress\\e2e\\api\\authtorization.cy.js",
      "beforeHooks": [],
      "afterHooks": [],
      "tests": [],
      "suites": [
        {
          "uuid": "f37730a8-2b1d-4c3c-bc6a-11a580fd758e",
          "title": "Test API Demoblaze Authorization",
          "fullFile": "",
          "file": "",
          "beforeHooks": [],
          "afterHooks": [],
          "tests": [
            {
              "title": "Trying to create new user",
              "fullTitle": "Test API Demoblaze Authorization Trying to create new user",
              "timedOut": null,
              "duration": 404,
              "state": "passed",
              "speed": "fast",
              "pass": true,
              "fail": false,
              "pending": false,
              "context": null,
              "code": "cy.request({\n  method: 'POST',\n  url: `${apiURL}/signup`,\n  body: userTested,\n  failOnsStatusCode: false\n}).then(response => {\n  expect(response.status).to.eq(200);\n  if (response.body && response.body.errorMessage) {\n    expect(response.body.errorMessage).to.be.a('string');\n  } else {\n    expect(response.body).to.be.oneOf([{}, \"\"]);\n  }\n});",
              "err": {},
              "uuid": "df2ccf11-ab4e-449e-a7f0-264c18c9aac3",
              "parentUUID": "f37730a8-2b1d-4c3c-bc6a-11a580fd758e",
              "isHook": false,
              "skipped": false
            },
            {
              "title": "Attemp to create user that already exist",
              "fullTitle": "Test API Demoblaze Authorization Attemp to create user that already exist",
              "timedOut": null,
              "duration": 106,
              "state": "passed",
              "speed": "fast",
              "pass": true,
              "fail": false,
              "pending": false,
              "context": null,
              "code": "cy.request({\n  method: 'POST',\n  url: `${apiURL}/signup`,\n  body: userTested,\n  failOnsStatusCode: false\n}).then(response => {\n  expect(response.status).to.eq(200);\n  expect(response.body).to.have.property('errorMessage');\n});",
              "err": {},
              "uuid": "d1278600-c237-446e-83f8-5cbe10678163",
              "parentUUID": "f37730a8-2b1d-4c3c-bc6a-11a580fd758e",
              "isHook": false,
              "skipped": false
            },
            {
              "title": "Login successfully",
              "fullTitle": "Test API Demoblaze Authorization Login successfully",
              "timedOut": null,
              "duration": 105,
              "state": "passed",
              "speed": "fast",
              "pass": true,
              "fail": false,
              "pending": false,
              "context": null,
              "code": "cy.request({\n  method: 'POST',\n  url: `${apiURL}/login`,\n  body: userTested,\n  failOnsStatusCode: false\n}).then(response => {\n  expect(response.status).to.eq(200);\n  expect(response.body).to.have.property('errorMessage');\n});",
              "err": {},
              "uuid": "7d40e160-8c76-4104-97b7-ff67a3efc5dd",
              "parentUUID": "f37730a8-2b1d-4c3c-bc6a-11a580fd758e",
              "isHook": false,
              "skipped": false
            },
            {
              "title": "Login Failed with Wrong password",
              "fullTitle": "Test API Demoblaze Authorization Login Failed with Wrong password",
              "timedOut": null,
              "duration": 94,
              "state": "passed",
              "speed": "fast",
              "pass": true,
              "fail": false,
              "pending": false,
              "context": null,
              "code": "cy.request({\n  method: 'POST',\n  url: `${apiURL}/login`,\n  body: {\n    userName: userTested.userName,\n    password: ''\n  },\n  failOnsStatusCode: false\n}).then(response => {\n  expect(response.status).to.eq(200);\n  expect(response.body).to.have.property('errorMessage');\n});",
              "err": {},
              "uuid": "7a46e167-a568-4f30-a9df-057ce47a77fd",
              "parentUUID": "f37730a8-2b1d-4c3c-bc6a-11a580fd758e",
              "isHook": false,
              "skipped": false
            },
            {
              "title": "Login Failed with wrong userName",
              "fullTitle": "Test API Demoblaze Authorization Login Failed with wrong userName",
              "timedOut": null,
              "duration": 99,
              "state": "passed",
              "speed": "fast",
              "pass": true,
              "fail": false,
              "pending": false,
              "context": null,
              "code": "cy.request({\n  method: 'POST',\n  url: `${apiURL}/login`,\n  body: {\n    userName: 'prueba',\n    password: userTested.password\n  },\n  failOnsStatusCode: false\n}).then(response => {\n  expect(response.status).to.eq(200);\n  expect(response.body).to.have.property('errorMessage');\n});",
              "err": {},
              "uuid": "ca15e382-f986-4043-b289-c91c36b6ec67",
              "parentUUID": "f37730a8-2b1d-4c3c-bc6a-11a580fd758e",
              "isHook": false,
              "skipped": false
            },
            {
              "title": "Login Failed Wrong userName and Password",
              "fullTitle": "Test API Demoblaze Authorization Login Failed Wrong userName and Password",
              "timedOut": null,
              "duration": 97,
              "state": "passed",
              "speed": "fast",
              "pass": true,
              "fail": false,
              "pending": false,
              "context": null,
              "code": "cy.request({\n  method: 'POST',\n  url: `${apiURL}/login`,\n  body: {\n    userName: 'prueba',\n    password: 'error'\n  },\n  failOnsStatusCode: false\n}).then(response => {\n  expect(response.status).to.eq(200);\n  expect(response.body).to.have.property('errorMessage');\n});",
              "err": {},
              "uuid": "0296c16a-1df9-4136-a743-4985bb8afa11",
              "parentUUID": "f37730a8-2b1d-4c3c-bc6a-11a580fd758e",
              "isHook": false,
              "skipped": false
            }
          ],
          "suites": [],
          "passes": [
            "df2ccf11-ab4e-449e-a7f0-264c18c9aac3",
            "d1278600-c237-446e-83f8-5cbe10678163",
            "7d40e160-8c76-4104-97b7-ff67a3efc5dd",
            "7a46e167-a568-4f30-a9df-057ce47a77fd",
            "ca15e382-f986-4043-b289-c91c36b6ec67",
            "0296c16a-1df9-4136-a743-4985bb8afa11"
          ],
          "failures": [],
          "pending": [],
          "skipped": [],
          "duration": 905,
          "root": false,
          "rootEmpty": false,
          "_timeout": 2000
        }
      ],
      "passes": [],
      "failures": [],
      "pending": [],
      "skipped": [],
      "duration": 0,
      "root": true,
      "rootEmpty": true,
      "_timeout": 2000
    }
  ],
  "meta": {
    "mocha": {
      "version": "7.2.0"
    },
    "mochawesome": {
      "options": {
        "quiet": false,
        "reportFilename": "mochawesome",
        "saveHtml": false,
        "saveJson": true,
        "consoleReporter": "spec",
        "useInlineDiffs": false,
        "code": true
      },
      "version": "7.1.4"
    },
    "marge": {
      "options": {
        "reportDir": "cypress/reports",
        "overwrite": false,
        "html": false,
        "json": true
      },
      "version": "6.3.2"
    }
  }
}