{
  "stats": {
    "suites": 1,
    "tests": 1,
    "passes": 1,
    "pending": 0,
    "failures": 0,
    "start": "2026-02-04T16:33:57.726Z",
    "end": "2026-02-04T16:34:06.559Z",
    "duration": 8833,
    "testsRegistered": 1,
    "passPercent": 100,
    "pendingPercent": 0,
    "other": 0,
    "hasOther": false,
    "skipped": 0,
    "hasSkipped": false
  },
  "results": [
    {
      "uuid": "7a117448-ba01-4026-88d8-1318e4f43881",
      "title": "",
      "fullFile": "cypress\\e2e\\web\\shopping_car.cy.js",
      "file": "cypress\\e2e\\web\\shopping_car.cy.js",
      "beforeHooks": [],
      "afterHooks": [],
      "tests": [],
      "suites": [
        {
          "uuid": "1bdc61e6-adc1-4275-bc0b-14a62a30c0ee",
          "title": "Shopping car - Demoblaze",
          "fullFile": "",
          "file": "",
          "beforeHooks": [],
          "afterHooks": [],
          "tests": [
            {
              "title": "Complete shopping item demoblaze flow",
              "fullTitle": "Shopping car - Demoblaze Complete shopping item demoblaze flow",
              "timedOut": null,
              "duration": 6523,
              "state": "passed",
              "speed": "medium",
              "pass": true,
              "fail": false,
              "pending": false,
              "context": null,
              "code": "//Go to website\ncy.visit('https://www.demoblaze.com');\n//Find and item and add to shopping cart\ncy.contains('Iphone 6 32gb').click();\ncy.contains('Add to cart').click();",
              "err": {},
              "uuid": "a8cbe592-66c5-477c-8915-5a63aa037842",
              "parentUUID": "1bdc61e6-adc1-4275-bc0b-14a62a30c0ee",
              "isHook": false,
              "skipped": false
            }
          ],
          "suites": [],
          "passes": [
            "a8cbe592-66c5-477c-8915-5a63aa037842"
          ],
          "failures": [],
          "pending": [],
          "skipped": [],
          "duration": 6523,
          "root": false,
          "rootEmpty": false,
          "_timeout": 2000
        }
      ],
      "passes": [],
      "failures": [],
      "pending": [],
      "skipped": [],
      "duration": 0,
      "root": true,
      "rootEmpty": true,
      "_timeout": 2000
    }
  ],
  "meta": {
    "mocha": {
      "version": "7.2.0"
    },
    "mochawesome": {
      "options": {
        "quiet": false,
        "reportFilename": "mochawesome",
        "saveHtml": false,
        "saveJson": true,
        "consoleReporter": "spec",
        "useInlineDiffs": false,
        "code": true
      },
      "version": "7.1.4"
    },
    "marge": {
      "options": {
        "reportDir": "cypress/reports",
        "overwrite": true,
        "html": false,
        "json": true
      },
      "version": "6.3.2"
    }
  }
}