{
  "stats": {
    "suites": 1,
    "tests": 6,
    "passes": 6,
    "pending": 0,
    "failures": 0,
    "start": "2026-02-04T01:01:53.574Z",
    "end": "2026-02-04T01:01:54.557Z",
    "duration": 983,
    "testsRegistered": 6,
    "passPercent": 100,
    "pendingPercent": 0,
    "other": 0,
    "hasOther": false,
    "skipped": 0,
    "hasSkipped": false
  },
  "results": [
    {
      "uuid": "22ad57fd-028b-4634-87ec-40b18ff8a820",
      "title": "",
      "fullFile": "cypress\\e2e\\api\\authtorization.cy.js",
      "file": "cypress\\e2e\\api\\authtorization.cy.js",
      "beforeHooks": [],
      "afterHooks": [],
      "tests": [],
      "suites": [
        {
          "uuid": "a3290ccd-5dac-411a-82d8-d5e0cf2dfde3",
          "title": "Test API Demoblaze Authorization",
          "fullFile": "",
          "file": "",
          "beforeHooks": [],
          "afterHooks": [],
          "tests": [
            {
              "title": "Trying to create new user",
              "fullTitle": "Test API Demoblaze Authorization Trying to create new user",
              "timedOut": null,
              "duration": 355,
              "state": "passed",
              "speed": "fast",
              "pass": true,
              "fail": false,
              "pending": false,
              "context": null,
              "code": "cy.request({\n  method: 'POST',\n  url: `${apiURL}/signup`,\n  body: userTested,\n  failOnsStatusCode: false\n}).then(response => {\n  expect(response.status).to.eq(200);\n  if (response.body && response.body.errorMessage) {\n    expect(response.body.errorMessage).to.be.a('string');\n  } else {\n    expect(response.body).to.be.oneOf([{}, \"\"]);\n  }\n});",
              "err": {},
              "uuid": "29ed0e1f-0929-45e2-b3fe-ab4a5d51525b",
              "parentUUID": "a3290ccd-5dac-411a-82d8-d5e0cf2dfde3",
              "isHook": false,
              "skipped": false
            },
            {
              "title": "Attemp to create user that already exist",
              "fullTitle": "Test API Demoblaze Authorization Attemp to create user that already exist",
              "timedOut": null,
              "duration": 104,
              "state": "passed",
              "speed": "fast",
              "pass": true,
              "fail": false,
              "pending": false,
              "context": null,
              "code": "cy.request({\n  method: 'POST',\n  url: `${apiURL}/signup`,\n  body: userTested,\n  failOnsStatusCode: false\n}).then(response => {\n  expect(response.status).to.eq(200);\n  expect(response.body).to.have.property('errorMessage');\n});",
              "err": {},
              "uuid": "7b23edfc-7c80-413c-aaef-c7a9acb9180d",
              "parentUUID": "a3290ccd-5dac-411a-82d8-d5e0cf2dfde3",
              "isHook": false,
              "skipped": false
            },
            {
              "title": "Login successfully",
              "fullTitle": "Test API Demoblaze Authorization Login successfully",
              "timedOut": null,
              "duration": 98,
              "state": "passed",
              "speed": "fast",
              "pass": true,
              "fail": false,
              "pending": false,
              "context": null,
              "code": "cy.request({\n  method: 'POST',\n  url: `${apiURL}/login`,\n  body: userTested,\n  failOnsStatusCode: false\n}).then(response => {\n  expect(response.status).to.eq(200);\n  expect(response.body).to.have.property('errorMessage');\n});",
              "err": {},
              "uuid": "b613b62e-f664-4837-996d-cd90088f5d80",
              "parentUUID": "a3290ccd-5dac-411a-82d8-d5e0cf2dfde3",
              "isHook": false,
              "skipped": false
            },
            {
              "title": "Login Failed with Wrong password",
              "fullTitle": "Test API Demoblaze Authorization Login Failed with Wrong password",
              "timedOut": null,
              "duration": 114,
              "state": "passed",
              "speed": "fast",
              "pass": true,
              "fail": false,
              "pending": false,
              "context": null,
              "code": "cy.request({\n  method: 'POST',\n  url: `${apiURL}/login`,\n  body: {\n    userName: userTested.userName,\n    password: ''\n  },\n  failOnsStatusCode: false\n}).then(response => {\n  expect(response.status).to.eq(200);\n  expect(response.body).to.have.property('errorMessage');\n});",
              "err": {},
              "uuid": "435af764-87cf-4dd5-b566-878999b2dc80",
              "parentUUID": "a3290ccd-5dac-411a-82d8-d5e0cf2dfde3",
              "isHook": false,
              "skipped": false
            },
            {
              "title": "Login Failed with wrong userName",
              "fullTitle": "Test API Demoblaze Authorization Login Failed with wrong userName",
              "timedOut": null,
              "duration": 104,
              "state": "passed",
              "speed": "fast",
              "pass": true,
              "fail": false,
              "pending": false,
              "context": null,
              "code": "cy.request({\n  method: 'POST',\n  url: `${apiURL}/login`,\n  body: {\n    userName: 'prueba',\n    password: userTested.password\n  },\n  failOnsStatusCode: false\n}).then(response => {\n  expect(response.status).to.eq(200);\n  expect(response.body).to.have.property('errorMessage');\n});",
              "err": {},
              "uuid": "707097ee-d724-43a0-a015-4373ec5679da",
              "parentUUID": "a3290ccd-5dac-411a-82d8-d5e0cf2dfde3",
              "isHook": false,
              "skipped": false
            },
            {
              "title": "Login Failed Wrong userName and Password",
              "fullTitle": "Test API Demoblaze Authorization Login Failed Wrong userName and Password",
              "timedOut": null,
              "duration": 114,
              "state": "passed",
              "speed": "fast",
              "pass": true,
              "fail": false,
              "pending": false,
              "context": null,
              "code": "cy.request({\n  method: 'POST',\n  url: `${apiURL}/login`,\n  body: {\n    userName: 'prueba',\n    password: 'error'\n  },\n  failOnsStatusCode: false\n}).then(response => {\n  expect(response.status).to.eq(200);\n  expect(response.body).to.have.property('errorMessage');\n});",
              "err": {},
              "uuid": "13a0fc43-9fcb-46a0-9370-7027a8954815",
              "parentUUID": "a3290ccd-5dac-411a-82d8-d5e0cf2dfde3",
              "isHook": false,
              "skipped": false
            }
          ],
          "suites": [],
          "passes": [
            "29ed0e1f-0929-45e2-b3fe-ab4a5d51525b",
            "7b23edfc-7c80-413c-aaef-c7a9acb9180d",
            "b613b62e-f664-4837-996d-cd90088f5d80",
            "435af764-87cf-4dd5-b566-878999b2dc80",
            "707097ee-d724-43a0-a015-4373ec5679da",
            "13a0fc43-9fcb-46a0-9370-7027a8954815"
          ],
          "failures": [],
          "pending": [],
          "skipped": [],
          "duration": 889,
          "root": false,
          "rootEmpty": false,
          "_timeout": 2000
        }
      ],
      "passes": [],
      "failures": [],
      "pending": [],
      "skipped": [],
      "duration": 0,
      "root": true,
      "rootEmpty": true,
      "_timeout": 2000
    }
  ],
  "meta": {
    "mocha": {
      "version": "7.2.0"
    },
    "mochawesome": {
      "options": {
        "quiet": false,
        "reportFilename": "mochawesome",
        "saveHtml": false,
        "saveJson": true,
        "consoleReporter": "spec",
        "useInlineDiffs": false,
        "code": true
      },
      "version": "7.1.4"
    },
    "marge": {
      "options": {
        "reportDir": "cypress/reports",
        "overwrite": false,
        "html": false,
        "json": true
      },
      "version": "6.3.2"
    }
  }
}